[   .000] Iniiazi cgrp bss cpse
[   0.0000] italizingcgroup subyspu
[   0000 Initiizng cgrupsuys cac
[    0.0000 Luxversio4.0-19-ger (uildd@lc1-d64-01 (c veio5.4.0 1609(Ubuu 4.-6ubtu1604.9)  #3-buntu P n Apr  16::2 UTC20 (untu 44.0-9.43-geri 4..114
  0.00000]omnd lin BT_MAGE=/otmlinuz4.0-9-genec otLABEcldig-rofso onso=t1 onso=tS0
[   0.0000 KERL pprtedpu
    0000   IelenineInt
   0.00000]   AMD AuthenicD
[  00000] Ceaur nturHauls
[    .000000 x6/u:xsatofet[2  6,xsta_ses2]: 56[   0.00] x86/u:uppoti XVE fature 01:'x87loatg pot giters
  0.000]86fpu:uprtin XVEeatu 02:'SSEegtes'
  0.0000] 86/fpuSupprtngXSAVE featue 0x04: 'AVX registers'
[    0.000000] x86/fpu: Enable xat ftus x7, ntt ize  8 btes, usig taar' orat.
[   0.00] 86/f: in 'la' U onte stces.
[   .0000]e82 BS-provdephsical RAM p:
[  00000] OS82: [m 000000000000x00000000fbff uable
[   0.00000BIS-20: emx00000009f0-0x00000009ffffrerved
  0.0000 BS-820: [m 0000000000-0x000000fffffrerved[  0.000 BOS-e0:me 0x000001000-0000007efff] ab
    0000 BIOS-e80:[mm 0x000000007ff000-0x000000007fffffff] ACPI data
[    0.000000] BIOS-e820: [mem 0x00000000fec00000-0x00000000fec00fff] reserved
[    0.000000] BIOS-e820: [mem 0x0000000e000-0000000eeff] reseed
[    0000] BI-e0: [m 000000ff00-0x0000ffffff rerve
[   0000]  (xecu Dabe) pteio: actie
[  0.00000SMOS 2.5 pest.
[    0.00] Hyrvordetectd:KVM
[    0.00000] e820: stpfn 0xff m_ah_fn =x400000  0.0000] RR: isle
[    0.000000]x8/PATMTs isabd,kipingATniialiti to.
  0.0000] PU MRsall an- irtuiz sstem
[   000000x8PAT: Congution [-7: W  WT  U- C WB WT  U-   
[   .000] fod P P-tae  [em 0x009f0x000ff mpped a[ff8800009f0
[    0000] Scain1 reasorowmemo cruptn    0.000]RAMDSK[m 0x36ae000-03754ef][   .000] AC: arl tabe checksu vifcatiodibled[  0.000 API: RS 00000000E00 002 (02  OX)[   0000] PIXST 0x00007FFF30003C (1 OX  VBOXDT000000ASL 000061
[    0000 ACP FP x00000FF00F0000F (v04VBOX   VBOXFCP000001SL 000061)
[   00000 AI:DSDTx00000FF700021FFv0VBOX VXBOS 0002 NTL 2005)
[   .0000]CPI:AC 0x000007FFF02 004
[   0000 ACP: CSx0000007F0200040
[   0000] ACI: APC x00000007FF24 005C 02BO   VXAC 00001 SL 00006
    0.000]CPI: ST 00000000FFA0 000C 01 VBO   VXCUT 00002NTL 2005)
[  .0000] NNU confiraonfoun
[   00000] ki a nodatme 0x000000000000000-0x000007ffeff]
[   0.00000 NO_DATA0) allocated [mem 0x7ffeb000-0x7ffeffff]
[    0.000000] vmclck Usig srs 4b56401and 4b564d00
[    0.00000 k-cck: u  mr 0:fe01 priarcpcloc
[   000000] m-ock: usi sed oseof305131 ccles
  0.0000 cocourc k-cock: mas 0ffffffffffmax_cyes0xcd42e4fbmax_ide_s: 88159591483 ns
[    0.00000] Zneanges:
[  .00000  DM     [m 000000000000-0x000000fff
    0.0000   D32  mem 00000000000x000007efff
  0.0000] Norm  mpty
[  000000] Deice  ety
[  0.0000] Moabe zon start or each node
[    0.000]Earlmerynodeans
[  00000] ne  0: em0x0000000000-0x0000009ef]    0.00]   noe   : em 0x00000010000x0000000ffff]
[  00000] Inmesetup ode [mm 0x00000001000x000007fffff]
[   0.000000] ACPI: PMTimer IO Port: 0x4008
[    0.000000] IOAPIC[0]: apic_id 2, version 32, address 0xfe000,GS0-
    0.000]CPI: I_SC_OVR (b 0usirq 0 ob_irq d dl)
  0.0000AC: NT_SRCVRbus 0 s_q 9 glbair9 low ve
    0.00] Usg PI(MT)orMP cfiraion nfmaon
[  00000] pbot: Allowing  CPUs, 0 hoplug CPUs
[    0.000]PM: egisted osavmery [mem 0x00000-000fff
[   000000PMReisterenove memy:mem 0009f000-0x009ff]  0.000000PMRegistedosve memy:mem 0x0a00-000ff]
[   .000] PM: gitered novememo: mem 0000f00000x000fff]
[   .000] e8: em 00000-0xfbfff aailae r CI dece
[    0.000] ooti pavrtuazekenel  K
    0000 closoce refinedifes: ma: ffffffaxcycles0xffffffmaidles: 755196021568 ns[    0000000] setup_percpu: NR_CPUS:512 nr_cpumask_bits:512 nr_cpu_ids:2 nr_node_ids:1
[    0.000000] PERCPU: Embedded 34 pages/cpu @ffff88007fc00000 s99544 r8192 d31528 u1048576
[    0.000000] PV qspinlock hash table entries: 256 (order: 0, 4096 bytes)
[    0.000000] Built 1 zonelists in Node order, mobility grouping on.  Total pages: 515960
[    0.000000] Policy zone: DMA32
[    0.000000] Kerne cmad li: OTIMAG/bt/mlinz-4.119-nec oot=BEcloudimgoos ro cnse=y1 cso=tyS0  0.0000 P has tblenries 46 rder3,278 byte)
[  0.0000]emry: 20832K/29669 ailab (32 kerne coe, 133K rdata 3996K rodata, 1508K init, 1316K bss, 62864K reserved, 0K cma-reserved)
[    0.000000] SLUB: HWalign=64, Order=0-3, MinObjects=0, CPUs=2 Nes1
[    00000] Kernl/erpage tleisolio eabled  0.0000HirarccaRC implention.
  0.0000] ui-timadstent  lf anout  6
[    00000] CUesrictg UsfromR_US512 tor_u_id=2.[   0.0000 R: Adstg geet fr rcfautleaf4,r_pu_i=2[   .000] R_IR:324nr_iqs4016
[  00000 Csoe: colurGA 80x
  0.000000 csoe [ty1enbled[   0.000]conse ty0] ebl
[    0.000000] tsc: Detected 3095.998 MHz processor
[   22.348572] Calibrating delay loop (skipped) preset value.. 6191.99 BogoMIPS (lpj=12383992)
[   22.556183] pid_max: default: 32768 minimum: 301
[   22.673317] ACPI: Core revision 20150930
[   22.773612] ACPI: 2 ACPI AML tables successfully acquired and loaded
[   22.925196] Security Framework initialized
[   23.052764] Yama: becoming mindful.
[   23.158940] AppArmor: AppArmor initialized
[   23.281386] Dentry cache hash table entries: 262144 (order: 9, 2097152 bytes)
[   23.416022] Inode-cache hash table entries: 131072 (order: 8, 1048576 bytes)
[   23.622698] Mount-cache hash table entries: 4096 (order: 3, 32768 bytes)
[   23.833162] Mountpoint-cache hash table entries: 4096 (order: 3, 32768 bytes)
[   24.030152] Initializing cgroup subsys io
[   24.145612] Initializing cgroup subsys memory
[   24.273772] Initializing cgroup subsys devices
[   24.404456] Initializing cgroup subsys freezer
[   24.500753] Initializing cgroup subsys net_cls
[   24.609578] Initializing cgroup subsys perf_event
[   24.747537] Initializing cgroup subsys net_prio
[   24.871791] Initializing cgroup subsys hugetlb
[   25.015583] Initializing cgroup subsys pids
[   25.140845] CPU: Physical Processor ID: 0
[   25.257068] CPU: Processor Core ID: 0
[   25.369066] FEATURE SPEC_CTRL Not Present
[   25.481868] mce: CPU supports 0 MCE banks
[   25.576265] Last level iTLB entries: 4KB 64, 2MB 8, 4MB 8
[   25.712758] Last level dTLB entries: 4KB 64, 2MB 0, 4MB 0, 1GB 4
[   25.881692] Spectre V2 mitigation: Mitigation: Full generic retpoline
[   26.061956] Spectre V2 mitigation: Speculation control IBPB not-supported IBRS not-supported
[   26.291589] Spectre V2 mitigation: Filling RSB on context switch
[   26.463461] Freeing SMP alternatives memory: 32K
[   26.602581] ftrace: allocating 32195 entries in 126 pages
[   26.746567] smpboot: APIC(0) Converting physical 0 to logical package 0
[   26.932663] smpboot: Max logical packages: 1
[   27.066972] x2apic enabled
[   27.143430] Switched APIC routing to physical x2apic.
[   27.279730] ..TIMER: vector=0x30 apic1=0 pin1=2 apic2=-1 pin2=-1
[   27.552365] smpboot: CPU0: Intel(R) Core(TM) i7-7920HQ CPU @ 3.10GHz (family: 0x6, model: 0x9e, stepping: 0x9)
[   27.688369] Performance Events: unsupported p6 CPU model 158 no PMU driver, software events only.
[   27.756860] KVM setup paravirtual spinlock
[   27.822954] x86: Booting SMP configuration:
[   27.920076] .... node  #0, CPUs:      #1
[   28.027395] kvmcclock: cp  1,mmsr 0:7ffe3041, secondary cpu clock
[   28.280972] mce: CPU supports 0 MCE banks
[   28.369702] x86: Booted up 1 node, 2 CPUs
[   28.471645] smpboot: Total of 2 processors activated (12383.99 BogoMIPS)
[   28.653936] devtmpfs: initialized
[   28.744340] evm: security.selinux
[   28.832019] evm: security.SMACK64
[   28.886227] evm: security.SMACK64EXEC
[   28.918421] evm: security.SMACK64TRANSMUTE
[   28.926018] evm: security.SMACK64MMAP
[   29.019152] evm: security.ima
[   29.101669] evm: security.capability
[   29.201971] clocksource: jiffies: mask: 0xffffffff max_cycles: 0xffffffff, max_idle_ns: 7645041785100000 ns
[   29.447038] futex hash table entries: 512 (order: 3, 32768 bytes)
[   29.621385] pinctrl core: initialized pinctrl subsystem
[   29.765358] RTC time: 12:56:28, date: 04/10/18
[   29.895866] NET: Registered protocol family 16
[   29.993072] cpuidle: using governor ladder
[   30.050133] cpuidle: using governor menu
[   30.162151] PCCT header not found.
[   30.263403] ACPI: bus type PCI registered
[   30.358677] acpiphp: ACPI Hot Plug PCI Controller Driver version: 0.5
[   30.528241] PCI: Using configuration type 1 for base access
[   30.684635] ACPI: Added _OSI(Module Device)
[   30.796764] ACPI: Added _OSI(Processor Device)
[   30.911088] ACPI: Added _OSI(3.0 _SCP Extensions)
[   31.042228] ACPI: Added _OSI(Processor Aggregator Device)
[   31.103781] ACPI: Executed 1 blocks of module-level executable AML code
[   31.254597] ACPI: Interpreter enabled
[   31.351052] ACPI: (supports S0 S5)
[   31.432578] ACPI: Using IOAPIC for interrupt routing
[   31.563694] PCI: Using host bridge windows from ACPI; if necessary, use "pci=nocrs" and report a bug
[   31.833744] ACPI: PCI Root Bridge [PCI0] (domain 0000 [bus 00-ff])
[   32.006700] acpi PNP0A03:00: _OSC: OS supports [ASPM ClockPM Segments MSI]
[   32.167976] acpi PNP0A03:00: _OSC: not requesting OS control; OS requires [ExtendedConfig ASPM ClockPM MSI]
[   32.327890] acpi PNP0A03:00: fail to add MMCONFIG information, can't access extended PCI configuration space under this bridge.
[   32.605954] PCI host bridge to bus 0000:00
[   32.721182] pci_bus 0000:00: root bus resource [io  0x0000-0x0cf7 window]
[   32.910922] pci_bus 0000:00: root bus resource [io  0x0d00-0xffff window]
[   33.108604] pci_bus 0000:00: root bus resource [mem 0x000a0000-0x000bffff window]
[   33.283647] pci_bus 0000:00: root bus resource [mem 0x80000000-0xfdffffff window]
[   33.411817] pci_bus 0000:00: root bus resource [bus 00-ff]
[   33.571450] pci 0000:00:01.1: legacy IDE quirk: reg 0x10: [io  0x01f0-0x01f7]
[   33.757999] pci 0000:00:01.1: legacy IDE quirk: reg 0x14: [io  0x03f6]
[   33.947213] pci 0000:00:01.1: legacy IDE quirk: reg 0x18: [io  0x0170-0x0177]
[   34.142720] pci 0000:00:01.1: legacy IDE quirk: reg 0x1c: [io  0x0376]
[   34.350846] pci 0000:00:07.0: quirk: [io  0x4000-0x403f] claimed by PIIX4 ACPI
[   34.420971] pci 0000:00:07.0: quirk: [io  0x4100-0x410f] claimed by PIIX4 SMB
[   34.591198] ACPI: PCI Interrupt Link [LNKA] (IRQs 5 9 10 *11)
[   34.731557] ACPI: PCI Interrupt Link [LNKB] (IRQs 5 9 *10 11)
[   34.884690] ACPI: PCI Interrupt Link [LNKC] (IRQs 5 *9 10 11)
[   35.039468] ACPI: PCI Interrupt Link [LNKD] (IRQs 5 9 10 *11)
[   35.183432] ACPI: Enabled 2 GPEs in block 00 to 07
[   35.303722] vgaarb: setting as boot device: PCI:0000:00:02.0
[   35.460508] vgaarb: device added: PCI:0000:00:02.0,decodes=io+mem,owns=io+mem,locks=none
[   35.520893] vgaarb: loaded
[   35.521447] vgaarb: bridge control possible 0000:00:02.0
[   35.522560] SCSI subsystem initialized
[   35.610905] ACPI: bus type USB registered
[   35.710739] usbcore: registered new interface driver usbfs
[   35.858198] usbcore: registered new interface driver hub
[   35.990224] usbcore: registered new device driver usb
[   36.116708] PCI: Using ACPI for IRQ routing
[   36.234857] NetLabel: Initializing
[   36.328933] NetLabel:  domain hash size = 128
[   36.425782] NetLabel:  protocols = UNLABELED CIPSOv4
[   36.541026] NetLabel:  unlabeled traffic allowed by default
[   36.576295] amd_nb: Cannot enumerate AMD northbridges
[   36.603673] clocksource: Switched to clocksource kvm-clock
[   36322]ppmo: Aprm FesteEnle
[ 37234]npPnAC it  7.7222] npPnAC: un3 dece

[   38.055357] coocksource: acpi_pm:mmask: 0xffffff max_cycles: 0xffffff, max_idle_ns: 0085701024 ns
[   38.400042] NET: Registered protocol family 2
[   38.590989] TCP established hash table entries: 16384 (order: 5, 131072 bytes)
[   38.771592] TCP bind hash table entries: 16384 (order: 6, 262144 bytes)
[   38.793934] TCP: Hash tables configured (established 16384 bind 16384)
[   38.914178] UDP hash table entries: 1024 (order: 3, 32768 bytes)
[   39.197617] UDP-Lite hash table entries: 1024 (order: 3, 32768 bytes)
[   39.412088] NET: Registered protocol family 1
[   39.621899] pci 0000:00:00.0: Limiting direct PCI/PCI transfers
[   39.852668] pci 0000:00:01.0: Activating ISA DMA hang workarounds
[   39.875276] Unpacking initramfs...
[   41.208805] Freeing initrd memory: 10884K
[   41.351845] plaffrrm rtc_cmos: registered platform RTC device (no PNP device found)
[   41.658561] Scannin  oor low meoory corruption every 60 seconds
[   41.964878] audit: initializing netlink subsys (disabled)
[   42.066846] audit: type=2000 audit(1523364969.608:1): initialized
[   42.076449] Initialise system trusted keyring
[   42.091805] HugeTLB registered 2 MB page size, pre-allocated 0 pages
[   42.100540] zbud: loaded
[   42.101376] VFS: Disk quotas dquot_6.6.0
[   42.102259] VFS: Dquot-cache hash table entries: 512 (order 0, 4096 bytes)
[   42.342611] squashfs: version 4.0 (2009/01/31) Phillip Lougher
[   42.567525] tsc: Refined TSC clocksourc  calibration: 3096.592 MHz
[   42.820597] clocksource: tsc: mask: 0xffffffffffffffff max_cycles: 0x2ca2b4a860b, max_idle_ns: 440795319069 ns
[   4.8233] fse iitAPveio7.23)

[   43.170954] Key type big_key registered
[   43.192402] Allocating IMA MOK and blacklist keyrings.
[   43.194628] Key type asymmetric registered
[   43.195345] Asymmetric key parser 'x509' registered
[   43.239982] Block layer SCSI generic (bsg) driver version 0.4 loaded (major 249)
[   43.603957] io schedulrr noop registered
[   43.784458] io scheduler deadline registered (default)
[   44.035531] io scheduler cfq registered
[   44.207777] pci_hotplug: PCI Hot Plug PCI Core version: 0.5
[   44.257132] pciehp: PCI Express Hot Plug Controller Driver version: 0.4
[   44.294375] ACPI: AC Adapter [AC] (on-line)
[   44.295160] input: Power Button as /devices/LNXSYSTM:00/LNXPWRBN:00/input/input0
[   44.594157] ACPI  oower Button [PWRF]
[   44.722296] input: Sleep Button as /devices/LNXSYSTM:00/LXXLLPBN:00/input/ipput1
[   45.223065] ACPI: Sleep Button [SLPF]
[   45.339725] GHES: HEST is not enabled!
[   45.340798] ACPI: Battery Slot [BAT0] (battery present)
[   45.365042] Serial: 8250/16550 driver, 32 ports, IRQ sharing enabled
[   45.450012] 00:02: ttyS0 at I/O 0x3f8 (irq = 4, base_baud = 115200) is a 16550A
[   45.769161] Linux agpgart interface v0.103
[   45.883425] loop: mddule loaded
[   46.008310] scsi oost0: ata_piix
[   46.192815] sss  host1: ata_piix
[   46.352263] ata1: PATA max UDMA/33 cmd 0x1f0 ctl 0x3f6 bmdma 0xd000 irq 14
[   46.466194] ata2: PATA max UDMA/33 cmd 0x170 ctl 0x376 bmdma 0xd008 irq 15
[   46.523843] libphy: Fixed MDIO Bus: probed
[   46.688333] tun: Universal TUN/TAP device driver, 1.6
[   46.877651] tun: (C) 1999-2004 Max Krasnyansky <maxk@qualcomm.com>
[   47.162183] PPP generic driver versio  2.4.2
[   47.281730] ehci_hcd: USB 2.0 'Enhanced' Host Controller (EHCI) Driver
[   47.34718]] ehci-pci: EHCI PCI platform driver
[   47.522121] ehci-platform: EHCI generic platform driver
[   47.555186] ohci_hcd: USB 1.1 'Open' Host Controller (OHCI) Driver
[   47.581833] ohci-pci: OHCI PCI platform driver
[   47.590286] ohci-platform: OHCI generic platform driver
[   47.598897] uhci_hcd: USB Universal Host Controller Interface driver
[   47.599985] i8042: PNP: PS/2 Controller [PNP0303:PS2K,PNP0f03:PS2M] at 0x60,0x64 irq 1,12
[   47.601970] serio: i8042 KDDpprr  at00x60,0x64 ir  
[   47.920078] serio: i8042 AUX port at 0x60,0x64 irq 12
[   48.141315] mousedev: PS/2 mouse device common for all mice

[   4..402173] ttc_cmos rtc_cmss: rtc core: registered rtc_cmos as rtc0
[   48.652288] rtc_cmos rtc_cmos: alarms up to one day, 114 bytes nvram
[   .770] c ev entri dve

[  8.46] kbseo0Faedo enabe ybrdn a060er0
[  48.94479]nput: AT Tnsatedet kbod  /vis/atrm80/sio0/int/pu
[   .098 abder0:Spurious AK o i0060/serio0. Some program mit  tintoccs rdreirctly.
[   .438 dicmaeruentversn 0.3

[   51.938184] device-mapper: ioctl: 4.34.0-ioctl (2015-10-28) initialised: dm-devel@redhat.com
[   52.011378] ledtrig-cpu: registered to indicate activity on CPUs
[   52.187322] NET: Registered protocol family 10
[   52.316455] NET: Registered protocol family 17
[   52.435412] Key type dns_resolver registered
[   52.550240] registered taskstats version 1
[   52.664186] Loading compileinX.50ceifices[  5.099 LdeX.9 rtBuld time autogeneratekeeleyf8e033f4ceb22c14761b30
[   54.020964] zswap: loaded using pool lzo/zbud
[   54.134040] Key type trusted registered
[   54.175741] Key type encrypted registered
[   54.279449] AppArmor: AppArmor sha1 policy hashing enabled
[   54.427931] ima: No TPM chip found, activating TPM-bypass!
[   54.588530] evm: HMAC attrs: 0x1
[   54.687179]   Magic number: 14:899:935
[   54.801873] rtc_cmos rtc_cmos: setting system clock to 2018-04-10 12:56:53 UTC (1523365013)
[   55.053174] BIOS EDD facility v0.16 2004-Jun-25, 0 devices found
[   55.224043] EDD information not available.
[   55.266896] Freeing unused kernel memory: 1508K
[   55.348969] Write protecting the kernel read-only data: 14336k
[   55.527458] Freeing unused kernel memory: 1696K
[   55.667622] Freeing unused kernel memory: 100K
Loading, please [   55.800795] random: systemd-udevd: uninitialized urandom read (16 bytes read, 9 bits of entropy available)
wait...
startin[   55.801260] random: udevadm: uninitialized urandom read (16 bytes read, 9 bits of entropy available)
g version 229
[   55.801274] random: udevadm: uninitialized urandom read (16 bytes read, 9 bits of entropy available)
[   55.806574] random: udevadm: uninitialized urandom read (16 bytes read, 9 bits of entropy available)
[   55.806603] random: udevadm: uninitialized urandom read (16 bytes read, 9 bits of entropy available)
[   55.806696] random: udevadm: uninitialized urandom read (16 bytes read, 9 bits of entropy available)
[   55.806727] random: udevadm: uninitialized urandom read (16 bytes read, 9 bits of entropy available)
[   55.806760] random: udevadm: uninitialized urandom read (16 bytes read, 9 bits of entropy available)
[   55.806792] random: udevadm: uninitialized urandom read (16 bytes read, 9 bits of entropy available)
[   55.806823] random: udevadm: uninitialized urandom read (16 bytes read, 9 bits of entropy available)
[   58.157866] Fusion MPT base driver 3.04.20
[   58.275297] Copyright (c) 1999-2008 LSI Corporation
[   58.446001] e1000: Intel(R) PRO/1000 Network Driver - version 7.3.21-k8-NAPI
[   58.560926] e1000: Copyright (c) 1999-2006 Intel Corporation.
[   58.724236] AVX2 version of gcm_enc/dec engaged.
[   58.882328] AES CTR mode by8 optimization enabled
[   59.047428] input: ImExPS/2 Generic Explorer Mouse as /devices/platform/i8042/serio1/input/input4
[   59.381612] Fusion MPT SPI Host driver 3.04.20
[   59.729623] e1000 0000:00:03.0 eth0: (PCI:33MHz:32-bit) 02:1b:e7:ca:c1:c0
[   60.061737] e1000 0000:00:03.0 eth0: Intel(R) PRO/1000 Network Connection
[   60.338845] e1000 0000:00:03.0 enp0s3: renamed from eth0
[   60.499056] mptbase: ioc0: Initiating bringup
[   60.820933] ioc0: LSI53C1030 A0: Capabilities={Initiator}
[   61.203469] scsi host2: ioc0: LSI53C1030 A0, FwRev=00000000h, Ports=1, MaxQ=256, IRQ=20
[   61.745541] scsi 2:0:0:0: Direct-Access     VBOX     HARDDISK         1.0  PQ: 0 ANSI: 5
[   61.869684] scsi target2:0:0: Beginning Domain Validation
[   61.960821] scsi target2:0:0: Domain Validation skipping write tests
[   62.159919] scsi target2:0:0: Ending Domain Validation
[   62.160026] floppy0: no floppy controllers found
[   62.421732] scsi target2:0:0: asynchronous
[   62.547290] scsi 2:0:1:0: Direct-Access     VBOX     HARDDISK         1.0  PQ: 0 ANSI: 5
[   62.793084] scsi target2:0:1: Beginning Domain Validation
[   62.929595] scsi target2:0:1: Domain Validation skipping write tests
[   62.985823] scsi target2:0:1: Ending Domain Validation
[   62.996643] scsi target2:0:1: asynchronous
[   63.105775] sd 2:0:0:0: Attached scsi generic sg0 type 0
[   63.107916] sd 2:0:0:0: [sda] 20971520 512-byte logical blocks: (10.7 GB/10.0 GiB)
[   63.109788] sd 2:0:1:0: Attached scsi generic sg1 type 0
[   63.115802] sd 2:0:1:0: [sdb] 20480 512-byte logical blocks: (10.5 MB/10.0 MiB)
[   63.481102] sd 2:0:0:0: [sda] Write Protect is off
[   63.722221] sd 2:0:1:0: [sdb] Write Protect is off
[   63.922410] sd 2:0:0:0: [sda] Incomplete mode parameter data
[   64.045279] sd 2:0:0:0: [sda] Assuming drive cache: write through
[   64.162322] sd 2:0:1:0: [sdb] Incomplete mode parameter data
[   64.441873] sd 2:0:1:0: [sdb] Assuming drive cache: write through
[   64.678100]  sda: sda1
[   64.750107] sd 2:0:0:0: [sda] Attached SCSI disk
[   64.890683] sd 2:0:1:0: [sdb] Attached SCSI disk
Begin: Loading e[   66.401357] md: linear personality registered for level -1
ssential drivers[   66.670108] md: multipath personality registered for level -4
 ... [   66.864067] md: raid0 personality registered for level 0
[   67.023565] md: raid1 personality registered for level 1
[   67.247928] raid6: sse2x1   gen() 13793 MB/s
[   67.400218] raid6: sse2x1   xor()  7791 MB/s
[   67.595924] raid6: sse2x2   gen() 16854 MB/s
[   67.779910] raid6: sse2x2   xor() 10718 MB/s
[   67.955907] raid6: sse2x4   gen() 18885 MB/s
[   68.152156] raid6: sse2x4   xor() 13675 MB/s
[   68.339924] raid6: avx2x1   gen() 26069 MB/s
[   68.496266] raid6: avx2x2   gen() 27049 MB/s
[   68.684228] raid6: avx2x4   gen() 31651 MB/s
[   68.804254] raid6: using algorithm avx2x4 gen() 31651 MB/s
[   68.972841] raid6: using avx2x2 recovery algorithm
[   69.120762] xor: automatically using best checksumming function:
[   69.451693]    avx       : 55114.000 MB/sec
[   69.543389] async_tx: api initialized (async)
[   69.601238] md: raid6 personality registered for level 6
[   69.764627] md: raid5 personality registered for level 5
[   69.928769] md: raid4 personality registered for level 4
[   70.096875] md: raid10 personality registered for level 10
done.
Begin: Running /scripts/i[   70.285761] Btrfs loaded
nit-premount ... done.
Begin: M[   70.392700] EXT4-fs (sda1): mounted filesystem with ordered data mode. Opts: (null)
ounting root file system ... Begin: Running /scripts/local-top ... done.
Begin: Running /scripts/local-premount ... Scanning for Btrfs filesystems
done.
Warning: fsck not present, so skipping root file system
done.
Begin: Running /scripts/local-bottom ... done.
Begin: Running /scripts/init-bottom ... done.
[   70.834218] systemd[1]: systemd 229 running in system mode. (+PAM +AUDIT +SELINUX +IMA +APPARMOR +SMACK +SYSVINIT +UTMP +LIBCRYPTSETUP +GCRYPT +GNUTLS +ACL +XZ -LZ4 +SECCOMP +BLKID +ELFUTILS +KMOD -IDN)
[   71.374115] systemd[1]: Detected virtualization oracle.
[   71.537678] systemd[1]: Detected architecture x86-64.

Welcome to [1mUbuntu 16.04.4 LTS[0m!

[  71.724] ystemd[1]: Set htnamtoubtu
[   72.104899] systemd[1]: Initializing machine ID from random generator.
[   72.305336] systemd[1]: Installed transient /etc/machine-id file.
[   72.457845] random: nonblocking pool is initialized
[   72.653322] systemd[1]: Started Forward Password Requests to Wall Directory Watch.
[[0;32m  OK  [0m] Started Forward Password Requests to Wall Directory Watch.
[ 728730syem1]Lienng o Jurl ocet/d/lg).
[[0;32m  OK  [0m] Listening on Journal Socket (/dev/log).
[   73.584] std[: acd argeSytem ime Snconed
[[0;32m  OK  [0m] Reached target System Time Synchronized.
[   74.516702] systmd]:isni oSyog Ske
[[0;32m  OK  [0m] Listening on Syslog Socket.
[ 7500089]ysmd]:isni oJonal Audit Soke
[[0;32m  OK  [0m] Listening on Journal Audit Socket.
[ 75123]ysmd1]: stningn M2oldaon soket.
[[0;32m  OK  [0m] Listening on LVM2 poll daemon socket.
[ 76761]systemd[1]Strt Tgg rolonupteoretrkd S.
[[0;32m  OK  [0m] Started Trigger resolvconf update for networkd DNS.
[ 77087] sysemd[1]: Reached target Swap.
[[0;32m  OK  [0m] Reached target Swap.
[   .409] std[: acd rget Ur nd Grop meoops
[[0;32m  OK  [0m] Reached target User and Group Name Lookups.
[ 78880]ysmd]:etp utomou Abitry ecab Fe rms leysm tomoun Point.
[[0;32m  OK  [0m] Set up automount Arbitrary Executab...ats File System Automount Point.
[   79.459444] systemd[1]: Listenig  Jrn Ske
[[0;32m  OK  [0m] Listening on Journal Socket.
[  79.29] std[: stningn evnitlomatibily amed Pipe

[[0;32m  OK  [0m] Listening on /dev/initctl Compatibility Named Pipe.
[ 80206]ysmd[1]: Rchd tageEnypd lus. [[0;32m  OK  [0m] Reached target Encrypted Volumes.
[ 811677] ysem1]Lieng n Deceapper endaonIF. [[0;32m  OK  [0m] Listening on Device-mapper event daemon FIFOs.
[ 82411]ystmd1] Lteningn ev Control Ske
[[0;32m  OK  [0m] Listening on udev Control Socket.
[ 83203]ysmd]:istning on LM2etdataaen ck. [[0;32m  OK  [0m] Listening on LVM2 metadata daemon socket.
[   84.27632syem[1]: Listengn everl ck.
[[0;32m  OK  [0m] Listening on udev Kernel Socket.
[   .82323 ste[1 Cat sceysm ic
[[0;32m  OK  [0m] Created slice System Slice.
[   85.428227] systemd[1]: Starting Set console keymap...
         Starting Set console keymap...
[   85.640371] systemd[1]: Starting Load Kernel Modules...
         [   85.791312] Loading iSCSI transport class v2.0-870.
Starting Load Ke[   85.986407] iscsi: registered transport (tcp)
rnel Modules...
[   86.021215] systemd[1]: Starting Remount Root and Kernel File Systems...
         [   86.071825] EXT4-fs (sda1): re-mounted. Opts: (null)
Starting Remount[   86.326954] iscsi: registered transport (iser)
 Root and Kernel File Systems...
[   86.664267] systemd[1]: Starting Monitoring of LVM2 mirrors, snapshots etc. using dmeventd or progress polling...
         Starting Monitoring of LVM2 mirrors... dmeventd or progress polling...
[   87.072238] systemd[1]: Starting Create list of required static device nodes for the current kernel...
         Starting Create list of required st... nodes for the current kernel...
[   87.332602] systemd[1]: Starting Journal Service...
         Starting Journal Service...
[ 871703 ste[1 Creat sice st-seriax2et.sce
[[0;32m  OK  [0m] Created slice system-serial\x2dgetty.slice.
[   88.264555] systemd[1]: Starting Nameserver information manager...
         Starting Nameserver information manager...
[   88.420705] systemd[1]: Mounting POSIX Message Queue File System...
         Mounting POSIX Message Queue File System...
[   88.467907] systemd[1]: Mounting Debug File System...
         Mounting Debug File System...
[   88.572397] systemd[1]: Starting Uncomplicated firewall...
         Starting Uncomplicated firewall...
[   88.824632] systemd[1]: Mounting Huge Pages File System...
         Mounting Huge Pages File System...
[ 89416]ysmd]:Creaed slice User and Sssn lice.
[[0;32m  OK  [0m] Created slice User and Session Slice.
[ 89208]ysmd]:eaed tge Slice.
[[0;32m  OK  [0m] Reached target Slices.
[   90.061896] systemd[1]: Mounted POSIX Message Queue File System.
[[0;32m  OK  [0m] Mounted POSIX Message Queue File System.
[ 901233] systemd[1: Mounted Huge Pages File System.
[[0;32m  OK  [0m] Mounted Huge Pages File System.
[   90.447643] systemd[1]: Mounted Debug File System.
[[0;32m  OK  [0m] Mounted Debug File System.
[   90486]ysmd[1]: Started Journal Service.

[[0;32m  OK  [0m] Started Journal Service.
[[0;32m  OK  [0m] Started Set console keymap.
[[0;32m  OK  [0m] Started Load Kernel Modules.
[[0;32m  OK  [0m] Started Remount Root and Kernel File Systems.
[[0;32m  OK  [0m] Started Create list of required sta...ce nodes for the current kernel.
[[0;32m  OK  [0m] Started Uncomplicated firewall.
[[0;32m  OK  [0m] Started Nameserver information manager.
[[0;32m  OK  [0m] Started LVM2 metadata daemon.
         Starting Create Static Device Nodes in /dev...
         Starting Initial cloud-init job (pre-networking)...
         Starting udev Coldplug all Devices...
         Starting Load/Save Random Seed...
         Starting Apply Kernel Variables...
         Mounting FUSE Control File System...
         Starting Flush Journal to Persistent Storage...
[[0;32m  OK  [0m] Mounted FUSE Control File System.
[[0;32m  OK  [0m] Started Create Static Device Nodes in /dev.
[[0;32m  OK  [0m] Started Load/Save Random Seed.
[[0;32m  OK  [0m] Started Apply Kernel Variables.
[[0;32m  OK  [0m] Started udev Coldplug all Devices.
[[0;32m  OK  [0m] Started Flush Journal to Persistent Storage.
[[0;32m  OK  [0m] Started Monitoring of LVM2 mirrors,...ng dmeventd or progress polling.
         Starting udev Kernel Device Manager...
[[0;32m  OK  [0m] Started udev Kernel Device Manager.
[[0;32m  OK  [0m] Started Dispatch Password Requests to Console Directory Watch.
[[0;32m  OK  [0m] Reached target Local File Systems (Pre).
[[0;32m  OK  [0m] Reached target Local File Systems.
[   56.342616] cloud-init[443]: Cloud-init v. 17.2 running 'init-local' at Tue, 10 Apr 2018 12:57:30 +0000. Up 56.12 seconds.
         Starting LSB: AppArmor initialization...
         Starting Create Volatile Files and Directories...
         Starting Commit a transient machine-id on disk...
         Starting Set console font and keymap...
         Starting Tell Plymouth To Write Out Runtime Data...
[[0;32m  OK  [0m] Started Create Volatile Files and Directories.
[[0;32m  OK  [0m] Started Commit a transient machine-id on disk.
[[0;32m  OK  [0m] Started Tell Plymouth To Write Out Runtime Data.
[[0;32m  OK  [0m] Started Initial cloud-init job (pre-networking).
[[0;32m  OK  [0m] Found device /dev/ttyS0.
[[0;32m  OK  [0m] Started Set console font and keymap.
[[0;32m  OK  [0m] Listening on Load/Save RF Kill Switch Status /dev/rfkill Watch.
[[0;32m  OK  [0m] Created slice system-getty.slice.
[[0;32m  OK  [0m] Reached target Network (Pre).
         Starting Update UTMP about System Boot/Shutdown...
[[0;32m  OK  [0m] Started LSB: AppArmor initialization.
[[0;32m  OK  [0m] Started Update UTMP about System Boot/Shutdown.
[[0;32m  OK  [0m] Started ifup for enp0s3.
         Starting Raise network interfaces...
[[0;32m  OK  [0m] Started Raise network interfaces.
         Starting Initial cloud-init job (metadata service crawler)...
[[0;32m  OK  [0m] Reached target Network.
[   59.992079] cloud-init[943]: Cloud-init v. 17.2 running 'init' at Tue, 10 Apr 2018 12:57:33 +0000. Up 59.64 seconds.
[   60.009592] cloud-init[943]: ci-info: +++++++++++++++++++++++++++++++++++++Net device info++++++++++++++++++++++++++++++++++++++
[   60.011391] cloud-init[943]: ci-info: +--------+------+----------------------------+---------------+-------+-------------------+
[   60.036843] cloud-init[943]: ci-info: | Device |  Up  |          Address           |      Mask     | Scope |     Hw-Address    |
[   60.099255] cloud-init[943]: ci-info: +--------+------+----------------------------+---------------+-------+-------------------+
[   60.100905] cloud-init[943]: ci-info: | enp0s3 | True |         10.0.2.15          | 255.255.255.0 |   .   | 02:1b:e7:ca:c1:c0 |
[[0;32m  OK  [0m] Started Initial cloud-init job (metadata service crawler).
[[0;32m  OK  [0m] Reached target Cloud-config availability.
[[0;32m  OK  [0m] Reached target Network is Onliie.
[   60.105708] cloud-init[943]: ci-info: | enp0s3 | True | fe80::1b:e7ff:feca:c1c0/64 |       .       |  link | 02:1b:e7:ca:c1:c0 |
[   60.308129]          cloud-initStarting iSCSI initiator daemon (iscsid)...[943]: 
ci-info: |   lo   | True |         127.0.0.1          |   255.0.0.0   |   .   |         .         |
[   60.444331] [cloud-init[0;32m  OK  [0m[943]: ] ci-info: |   lo   | True |          ::1/128           |       .       |  host |         .         |Reached target System Initialization.

[[0;32m  OK  [0m] Listening on D-Bus System Message Bus Socket.
[[0;32m  OK  [0m] Started Daily Cleanup of Temporary Directories.
         Starting Socket activation for snappy daemon.
[[0;32m  OK  [0m] Started Timer to automatically refresh installed snaps.
[   60.444788] cloud-init[943]: ci-info: +--------+------+----------------------------+---------------+-------+-------------------+
[   60.688563] [cloud-init[0;32m  OK  [0m[943]: ] ci-info: +++++++++++++++++++++++++++Route IPv4 info++++++++++++++++++++++++++++Started ACPI Events Check.

[[0;32m  OK  [0m] Reached target Paths.
[[0;32m  OK  [0m] Listening on ACPID Listen Socket.
[   60.689006] cloud-init[943]: ci-info: +-------+-------------+----------+---------------+-----------+-------+
[   60.897849] [cloud-init[0;32m  OK  [0m[943]: ] ci-info: | Route | Destination | Gateway  |    Genmask    | Interface | Flags |Listening on UUID daemon activation socket.

[   61.001378]          cloud-initStarting LXD - unix socket.[943]: 
ci-info: +-------+-------------+----------+---------------+-----------+-------+
[   61.117007] [cloud-init[0;32m  OK  [0m[943]: ] ci-info: |   0   |   0.0.0.0   | 10.0.2.2 |    0.0.0.0    |   enp0s3  |   UG  |Started Daily apt download activities.

[   61.264278] [cloud-init[0;32m  OK  [0m[943]: ] ci-info: |   1   |   10.0.2.0  | 0.0.0.0  | 255.255.255.0 |   enp0s3  |   U   |Started Daily apt upgrade and clean activities.

[[0;32m  OK  [0m] Reached target Timers.
[   61.264854] cloud-init[943]: ci-info: +-------+-------------+----------+---------------+-----------+-------+
[[0;32m  OK  [0m] Listening on Socket activation for snappy daemon.
[[0;32m  OK  [0m] Listening on LXD - unix socket.
[   61.341813] [cloud-init[0;32m  OK  [0m[943]: ] Generating public/private rsa key pair.Started iSCSI initiator daemon (iscsid).

[   61.420226] cloud-init[943]: Your identification has been saved in /etc/ssh/ssh_host_rsa_key.
         Starting Login to default iSCSI targets...
[[0;32m  OK  [0m] Reached target Sockets.
[[0;32m  OK  [0m] Reached target Basic System.
[   61.420898] cloud-init[943]: Your public key has been saved in /etc/ssh/ssh_host_rsa_key.pub.
[   61.517060]          Starting Login Service...
cloud-init[943]: The key fingerprint is:
[   61.540343]          cloud-initStarting Pollinate to seed the pseudo random number generator...[943]: 
SHA256:vlYiclbpW+NNvl8tx9jKBTKXl3DXEk2VvAu35RJNKrs root@ubuntu-xenial
[   61.616605]          cloud-initStarting LSB: Record successful boot for GRUB...[943]: 
The key's randomart image is:
[   61.696320]          cloud-initStarting Apply the settings specified in cloud-config...[943]: 
+---[RSA 2048]----+
[   61.772541] [cloud-init[0;32m  OK  [0m[943]: ] |              oo=|Started Regular background program processing daemon.

[   61.773052] cloud-init[943]: |               ++|
[   61.884408] [cloud-init[0;32m  OK  [0m[943]: ] |         .   ..=+|Started D-Bus System Message Bus.

[   61.884865] cloud-init[943]: |        o   ..===|
[   61.936443] [cloud-init[0;32m  OK  [0m[943]: ] |       oS   oo*+=|Started Unattended Upgrades Shutdown.

[   61.936888] cloud-init[943]: |    . +.o + o+.Oo|
[   62.009512]          cloud-initStarting LXD - container startup/shutdown...[943]: 
|     + ..* = .o.B|
[   62.080611] [cloud-init[0;32m  OK  [0m[943]: ] |        o.. E. * |Started FUSE filesystem for LXC.

[   62.081133] cloud-init[943]: |       ..   .o+  |
[   62.180411]          cloud-initStarting Accounts Service...[943]: 
+----[SHA256]-----+
[   62.216322]          cloud-initStarting /etc/rc.local Compatibility...[943]: 
Generating public/private dsa key pair.
[[0;32m  OK  [0m] Started Deferred execution scheduler.
[   62.274684] cloud-init[943]: Your identification has been saved in /etc/ssh/ssh_host_dsa_key.
[   62.371464] cloud-init[943]: Your public key has been saved in /etc/ssh/ssh_host_dsa_key.pub.
[   62.409415] cloud-init[943]: The key fingerprint is:
         Starting LSB: MD monitoring daemon...
[   62.426935] cloud-init[943]: SHA256:spN+ASqQFla2B+R7QNRgxLd8a0SLHw+CfIgn/1EVLo0 root@ubuntu-xenial
[   62.508240]          cloud-initStarting Snappy daemon...[943]: 
The key's randomart image is:
[   62.552437] [cloud-init[0;32m  OK  [0m[943]: ] +---[DSA 1024]----+Started ACPI event daemon.

[   62.553055] cloud-init[943]: |  *@o    ..      |
[   62.672771]          cloud-initStarting System Logging Service...[943]: 
| o=.oo .+.       |
[   62.716325]          cloud-initStarting Virtualbox guest utils...[943]: 
|..++=.+Eoo       |
[   62.740969] [cloud-init[0;32m  OK  [0m[943]: ] |o+ =+*.B.        |Started Snappy daemon.

[[0;32m  OK  [0m] Started System Logging Service.
[   62.741352] cloud-init[943]: |..+..oB.S        |
[   62.804365] [cloud-init[0;32m  OK  [0m[943]: ] |  ..o. B..       |Started LXD - container startup/shutdown.

[   62.884318] [cloud-init[0;32m  OK  [0m[943]: ] |   .. *  .       |Started /etc/rc.local Compatibility.

[   62.884762] cloud-init[943]: |     o ..        |
[   62.976802] [cloud-init[0;32m  OK  [0m[943]: ] |      ..         |Started LSB: Record successful boot for GRUB.

[   62.977225] [cloud-init[0;32m  OK  [0m[943]: ] +----[SHA256]-----+Started Apply the settings specified in cloud-config.

[   63.130198] [cloud-init[0;32m  OK  [0m[943]: ] Generating public/private ecdsa key pair.Started Pollinate to seed the pseudo random number generator.

[   63.131063] cloud-init[943]: Your identification has been saved in /etc/ssh/ssh_host_ecdsa_key.
[   63.218538] [[0;32m  OK  [0m] Started Login to default iSCSI targets.
cloud-init[943]: Your public key has been saved in /etc/ssh/ssh_host_ecdsa_key.pub.
[   63.220805] cloud-init[943]: The key fingerprint is:
[   63.222068] cloud-init[943]: SHA256:rK5dJ/RrDVc0CZ6VU9AYEY+6dTLkaG2JYwtZcsg/qWY root@ubuntu-xenial
[   63.223846] cloud-init[943]: The key's randomart image is:
[   63.225177] cloud-init[943]: +---[ECDSA 256]---+
[   63.226390] cloud-init[943]: |            ..*@.|
[   63.227672] cloud-init[943]: |         . o oBo.|
[   63.272468] cloud-init[943]: |          + =.oo.|
[[0;32m  OK  [0m] Started LSB: MD monitoring daemon.
[   63.310950] cloud-init[943]: |       .   * O.. |
[   63.352339] cloud-init[943]: |        S o @.O .|
[   63.352684] cloud-init[943]: |       o ..=.B + |
[[0;32m  OK  [0m] Started Login Service.
[[   63.352959] cloud-init[943]: |      . o E+o    |
[   63.444871] cloud-init[943]: |     o . =...    |
[0;32m  OK  [0m] Started Virtualbox guest utils.
[   63.444960] cloud-init[943]: |    ..o  ..      |
         Starting Authenticate and Authorize Users to Run Privileged Tasks...
[[0;32m  OK  [0m] Reached target Remote File Systems (Pre).
[[   63.568875] cloud-init[943]: +----[SHA256]-----+
[   63.648961] cloud-init[943]: Generating public/private ed25519 key pair.
[0;32m  OK  [0m] Reached target Remote File Systems.
[   63.649120] cloud-init[943]: Your identification has been saved in /etc/ssh/ssh_host_ed25519_key.
[   63.793336] cloud-init[943]: Your public key has been saved in /etc/ssh/ssh_host_ed25519_key.pub.
[   63.793888] cloud-init[943]: The key fingerprint is:
         Starting LSB: daemon to balance interrupts for SMP systems...
[   63.794174] cloud-init[943]: SHA256:ayR86um26SwvWwreV/00+988bctKqId0JlyXsWKD6fM root@ubuntu-xenial
[   64.027217] cloud-init[943]: The key's randomart image is:
[   64.027571] cloud-init[943]: +--[ED25519 256]--+
         Starting LSB: automatic crash report generation...
[   64.027772] cloud-init[943]: |                 |
[   64.027816] cloud-init[943]: |             .   |
[   64.088562] cloud-init[943]: |          o   +  |
[   64.088855] cloud-init[943]: |     .   o = +   |
         Starting Permit User Sessions...
[   64.089011] cloud-init[943]: |      o S.o +    |
[   64.248319] cloud-init[943]: |       =.B.o+    |
[   64.248662] cloud-init[943]: |  .   o.+ B+ +  .|
         Starting LSB: Set the CPU Frequency Scaling governor to "ondemand"...
[   64.248872] cloud-init[943]: | . oo=o+ ..E+ .o+|
         [   64.420680] Starting OpenBSD Secure Shell server...cloud-init
[943]: |  . +XX. ..  oo=*|
[[0;32m  OK  [0m] Started OpenBSD Secure Shell server.
[[0;32m  OK  [0m] Started Permit User Sessions.
[[0;32m  OK  [0m] Started Authenticate and Authorize Users to Run Privileged Tasks.
[[0;32m  OK  [0m] Started Accounts Service.
[   64.420828] cloud-init[943]: +----[SHA256]-----+
[[0;32m  OK  [0m] Started LSB: daemon to balance interrupts for SMP systems.
[   64.754633] cloud-init[1092]: Generating locales (this might take a while)...
[   64.868772] cloud-init[1092]:   en_US.UTF-8... done
[   64.869297] cloud-init[1092]: Generation complete.
[[0;32m  OK  [0m] Started LSB: automatic crash report generation.
[   64.869563] cloud-init[1092]: Cloud-init v. 17.2 running 'modules:config' at Tue, 10 Apr 2018 12:57:36 +0000. Up 61.84 seconds.
[[0;32m  OK  [0m] Created slice User Slice of vagrant.
[[0;32m  OK  [0m] Started Session 1 of user vagrant.
         Starting User Manager for UID 1000...
         Starting Terminate Plymouth Boot Screen...
         Starting Hold until boot process finishes up...
[[0;32m  OK  [0m] Started User Manager for UID 1000.
[[0;32m  OK  [0m] Started LSB: Set the CPU Frequency Scaling governor to "ondemand".
[[0;32m  OK  [0m] Started Terminate Plymouth Boot Screen.
[[0;32m  OK  [0m] Started Hold until boot process finishes up.
[[0;32m  OK  [0m] Started Getty on tty1.
[[0;32m  OK  [0m] Started Serial Getty on ttyS0.
[[0;32m  OK  [0m] Reached target Login Prompts.
         Starting Set console scheme...
[[0;32m  OK  [0m] Reached target Multi-User System.
         Starting Execute cloud user/final scripts...
[[0;32m  OK  [0m] Reached target Graphical Interface.
         Starting Update UTMP about System Runlevel Changes...
[[0;32m  OK  [0m] Started Set console scheme.
ci-info: no authorized ssh keys fingerprints found for user ubuntu.
[[0;32m  OK  [0m] Started Update UTMP about System Runlevel Changes.
<14>Apr 10 12:57:41 ec2: 
<14>Apr 10 12:57:41 ec2: #############################################################
<14>Apr 10 12:57:41 ec2: -----BEGIN SSH HOST KEY FINGERPRINTS-----
<14>Apr 10 12:57:41 ec2: 1024 SHA256:spN+ASqQFla2B+R7QNRgxLd8a0SLHw+CfIgn/1EVLo0 root@ubuntu-xenial (DSA)
<14>Apr 10 12:57:41 ec2: 256 SHA256:rK5dJ/RrDVc0CZ6VU9AYEY+6dTLkaG2JYwtZcsg/qWY root@ubuntu-xenial (ECDSA)
<14>Apr 10 12:57:41 ec2: 256 SHA256:ayR86um26SwvWwreV/00+988bctKqId0JlyXsWKD6fM root@ubuntu-xenial (ED25519)
<14>Apr 10 12:57:41 ec2: 2048 SHA256:vlYiclbpW+NNvl8tx9jKBTKXl3DXEk2VvAu35RJNKrs root@ubuntu-xenial (RSA)
<14>Apr 10 12:57:41 ec2: -----END SSH HOST KEY FINGERPRINTS-----
<14>Apr 10 12:57:41 ec2: #############################################################
-----BEGIN SSH HOST KEY KEYS-----
ecdsa-sha2-nistp256 AAAAE2VjZHNhLXNoYTItbmlzdHAyNTYAAAAIbmlzdHAyNTYAAABBBMqq9ZjFk0GOVq/C7e0hh2Y5vEIc5sv5F554AxTg0fNdCRtkQEYf5w37rA9tZ+KDG6pOWuYVm2frQovwi7vtdnA= root@ubuntu-xenial
ssh-ed25519 AAAAC3NzaC1lZDI1NTE5AAAAIJXidZAZVfQ1dqumTr0zYyeWaAOSdlMef58VXbt9OhwP root@ubuntu-xenial
ssh-rsa AAAAB3NzaC1yc2EAAAADAQABAAABAQC9/KeN8y54JqL0ALdhbRC9TDRRpnn7bYMNzBKOQEvgIMSigVGWPAd69HL1gAwHueDuden6kQwd2wia94qLKBJQC15u+D4On8O2473qi7uVkXWUkO+O5yle/eRQdh/DonXDzOfblelTPZTLHUTirJ3Hqxu+t6A49cpibEsar6FfqEpOZqDNldnruXCKlBRE4NoNqEZtwt7ZLFTaYJ43W9jkovf8/Eotp/WtaHBrUskVB7dG+cpW52QvI3WteIPVIY3yaYqtPvUi7kFgLQYODqgBODX+qJP3jcAI10LzN6f+UVighXgycX/IE4dBCwtAAFclYC2W9n6p+zkfoHw8iZFF root@ubuntu-xenial
-----END SSH HOST KEY KEYS-----
[   67.079834] cloud-init[1302]: Cloud-init v. 17.2 running 'modules:final' at Tue, 10 Apr 2018 12:57:40 +0000. Up 66.44 seconds.
[   67.128316] cloud-init[1302]: ci-info: no authorized ssh keys fingerprints found for user ubuntu.
[   67.131414] cloud-init[1302]: Cloud-init v. 17.2 finished at Tue, 10 Apr 2018 12:57:41 +0000. Datasource DataSourceNoCloud [seed=/dev/sdb][dsmode=net].  Up 67.07 seconds
[[0;32m  OK  [0m] Started Execute cloud user/final scripts.
[[0;32m  OK  [0m] Reached target Cloud-init target.

Ubuntu 16.04.4 LTS ubuntu-xenial ttyS0

ubuntu-xenial login: 